<?xml version="1.0" encoding="UTF-8"?>
<!-- Generated by org.testng.reporters.JUnitXMLReporter -->
<testsuite hostname="Mohannas-MBP.home" ignored="1" name="Command line test" tests="6" failures="0" timestamp="2020-07-21T16:15:39 EDT" time="3.346" errors="0">
  <testcase name="@BeforeTest setUp" time="3.312" classname="com.qa.hubspot.tests.HomePageTest">
    <failure type="java.lang.NullPointerException">
      <![CDATA[java.lang.NullPointerException
at com.qa.hubspot.util.ElementUtil.waitForElementPresent(ElementUtil.java:51)
at com.qa.hutspot.page.LoginPage.doLogin(LoginPage.java:43)
at com.qa.hubspot.tests.HomePageTest.setUp(HomePageTest.java:37)
... Removed 34 stack frames]]>
    </failure>
  </testcase> <!-- @BeforeTest setUp -->
  <testcase name="@BeforeTest setUp" time="-1.595362539476E9" classname="com.qa.hubspot.tests.LoginPageTest">
    <skipped/>
  </testcase> <!-- @BeforeTest setUp -->
  <testcase name="@AfterTest tearDown" time="-1.595362539503E9" classname="com.qa.hubspot.tests.HomePageTest">
    <skipped/>
  </testcase> <!-- @AfterTest tearDown -->
  <testcase name="@AfterTest tearDown" time="-1.595362539503E9" classname="com.qa.hubspot.tests.LoginPageTest">
    <skipped/>
  </testcase> <!-- @AfterTest tearDown -->
  <testcase name="verifyHomePageTitleTest" time="0.0" classname="com.qa.hubspot.tests.HomePageTest">
    <skipped/>
  </testcase> <!-- verifyHomePageTitleTest -->
  <testcase name="verifyHomPageHeaderTest" time="0.0" classname="com.qa.hubspot.tests.HomePageTest">
    <skipped/>
  </testcase> <!-- verifyHomPageHeaderTest -->
  <testcase name="verifyLoggedInUserTest" time="0.0" classname="com.qa.hubspot.tests.HomePageTest">
    <skipped/>
  </testcase> <!-- verifyLoggedInUserTest -->
  <testcase name="verifyPageTitleTest" time="0.0" classname="com.qa.hubspot.tests.LoginPageTest">
    <skipped/>
  </testcase> <!-- verifyPageTitleTest -->
  <testcase name="verifySignUpLinkTest" time="0.0" classname="com.qa.hubspot.tests.LoginPageTest">
    <skipped/>
  </testcase> <!-- verifySignUpLinkTest -->
  <testcase name="loginTest" time="0.0" classname="com.qa.hubspot.tests.LoginPageTest">
    <skipped/>
  </testcase> <!-- loginTest -->
  <testcase name="logging_invalidTestCase" time="0.0" classname="com.qa.hubspot.tests.LoginPageTest">
    <ignored/>
  </testcase> <!-- logging_invalidTestCase -->
</testsuite> <!-- Command line test -->
